        -:    0:Source:/home/openeuler/rpmbuild/BUILD/gcc-10.3.0/gcc/testsuite/gcc.misc-tests/gcov-15.c
        -:    0:Graph:gcov-15.gcno
        -:    0:Data:gcov-15.gcda
        -:    0:Runs:1
        -:    1:/* Test gcov multiple paths to file.  */
        -:    2:
        -:    3:/* { dg-options "-fprofile-arcs -ftest-coverage" } */
        -:    4:/* { dg-do run { target native } } */
        -:    5:
        -:    6:#if !RECURSIVE
        -:    7:#define RECURSIVE 1
        -:    8:#include "./gcov-15.c"
        -:    9:#undef RECURSIVE
        -:   10:#endif
        -:   11:
        -:   12:static void __attribute__ ((noinline)) Recursive (void);
        -:   13:
        -:   14:
        -:   15:#if RECURSIVE
        -:   16:static void __attribute__ ((noinline))
        1:   17:Recursive ()
        -:   18:{
        1:   19:  return; /* count(1) */
        1:   19-block  0
        -:   20:}
        -:   21:
        -:   22:#else
        1:   23:int main ()
        -:   24:{
        1:   25:  Recursive (); /* count(1) */
        1:   25-block  0
        1:   26:  return 0;
        -:   27:}
        -:   28:#endif
        -:   29:
        -:   30:/* { dg-final { run-gcov { -a gcov-15.c } } } */
