        -:    0:Source:/home/openeuler/rpmbuild/BUILD/gcc-10.3.0/gcc/testsuite/gcc.misc-tests/gcov-18.c
        -:    0:Graph:gcov-18.gcno
        -:    0:Data:gcov-18.gcda
        -:    0:Runs:1
        -:    1:/* Test gcov block mode. As the example does jump to a statement
        -:    2:   that is on a line with different ones, we must calculate such jump
        -:    3:   just once.  */
        -:    4:
        -:    5:/* { dg-options "-fprofile-arcs -ftest-coverage" } */
        -:    6:/* { dg-do run { target native } } */
        -:    7:
        -:    8:int a = 0;
        -:    9:
        1:   10:void foo() /* count(1) */
        -:   11:{
        1:   12:  a = 1;
        1:   13:}
        -:   14:
        1:   15:void bar() /* count(1) */
        -:   16:{
        1:   17:  a++;
        1:   18:}
        -:   19:
        1:   20:int main() /* count(1) */
        -:   21:{
        2:   22:  foo (); goto baz; lab: bar (); /* count(2) */
        -:   23:
        2:   24:  baz:
        2:   25:    if (a == 1) /* count(2) */
        1:   26:      goto lab; /* count(1) */
        -:   27:}
        -:   28:
        -:   29:/* { dg-final { run-gcov { gcov-18.c } } } */
