        -:    0:Source:/home/openeuler/rpmbuild/BUILD/gcc-10.3.0/gcc/testsuite/gcc.misc-tests/gcov-pr85338.c
        -:    0:Graph:gcov-pr85338.gcno
        -:    0:Data:gcov-pr85338.gcda
        -:    0:Runs:1
        -:    1:/* { dg-options "-fprofile-arcs -ftest-coverage" } */
        -:    2:/* { dg-do run { target native } } */
        -:    3:
        1:    4:void Test(long long Val, int Amt)
        -:    5:{
        1:    6:  __builtin_printf("  lshr: 0x%llx \t\t shl: 0x%llx\n", Val >> Amt, Val << Amt);  /* count(1) */
        1:    7:  __builtin_printf("  lshr: 0x%llx\t\tshl: 0x%llx\n",  /* count(1) */
        -:    8:    Val >> Amt, Val << Amt);
        1:    9:  __builtin_printf("  lshr: 0x%llx \t\t shl: 0x%llx\n",  /* count(1) */
        1:   10:    (unsigned long long)Val >> Amt, Val << Amt);
        1:   11:}
        -:   12:
        1:   13:int main()
        -:   14:{
        1:   15:  Test(10, 4);
        -:   16:
        1:   17:  return 0;
        -:   18:}
        -:   19:
        -:   20:
        -:   21:/* { dg-final { run-gcov gcov-pr85338.c } } */
