        -:    0:Source:/home/openeuler/rpmbuild/BUILD/gcc-10.3.0/gcc/testsuite/gcc.misc-tests/gcov-16.c
        -:    0:Graph:gcov-16.gcno
        -:    0:Data:gcov-16.gcda
        -:    0:Runs:1
        -:    1:/* { dg-options "-fprofile-arcs -ftest-coverage" } */
        -:    2:/* { dg-do run { target native } } */
        -:    3:
        -:    4:void
        1:    5:bar (void)
        1:    6:{}
        -:    7:
        -:    8:void
        1:    9:foo (int i)
        -:   10:{
        1:   11:  if (i > 1)  /* count(1) */
    #####:   12:    return;   /* count(#####) */
        -:   13:
        1:   14:  bar ();      /* count(1) */
        -:   15:}
        -:   16:
        -:   17:int
        1:   18:main (void)
        -:   19:{
        1:   20:  foo (0);
        1:   21:  return 0;
        -:   22:}
        -:   23:
        -:   24:/* { dg-final { run-gcov gcov-16.c } } */
