        -:    0:Source:/home/openeuler/rpmbuild/BUILD/gcc-10.3.0/gcc/testsuite/gcc.misc-tests/gcov-9.c
        -:    0:Graph:gcov-9.gcno
        -:    0:Data:gcov-9.gcda
        -:    0:Runs:1
        -:    1:/* Test gcov block mode.  */
        -:    2:
        -:    3:/* { dg-options "-fprofile-arcs -ftest-coverage" } */
        -:    4:/* { dg-do run { target native } } */
        -:    5:
        1:    6:int main ()
        -:    7:{
        -:    8:  unsigned ix;
        -:    9:  
       11:   10:  for (ix = 10; ix--;); /* count(11) */
        1:   10-block  0
       11:   10-block  1
        -:   11:
        1:   12:  return 0;
        1:   12-block  0
        -:   13:}
        -:   14:
        -:   15:/* { dg-final { run-gcov { -a gcov-9.c } } } */
