        -:    0:Source:/home/openeuler/rpmbuild/BUILD/gcc-10.3.0/gcc/testsuite/gcc.misc-tests/gcov-10.c
        -:    0:Graph:gcov-10.gcno
        -:    0:Data:gcov-10.gcda
        -:    0:Runs:1
        -:    1:/* Test gcov block mode.  */
        -:    2:
        -:    3:/* { dg-options "-fprofile-arcs -ftest-coverage" } */
        -:    4:/* { dg-do run { target native } } */
        -:    5:
        1:    6:int main ()
        -:    7:{
        1:    8:  unsigned ix, jx = 0;
        -:    9:  
       11:   10:  for (ix = 10; ix--;) if (ix & 1) jx++; /* count(11) */
        1:   10-block  0
       10:   10-block  1
        5:   10-block  2
       11:   10-block  3
        -:   11:
        1:   12:  return jx != 5;
        1:   12-block  0
        -:   13:}
        -:   14:
        -:   15:/* { dg-final { run-gcov { -a gcov-10.c } } } */
