        -:    0:Source:/home/openeuler/rpmbuild/BUILD/gcc-10.3.0/gcc/testsuite/g++.dg/gcov/gcov-dump-1.C
        -:    0:Graph:gcov-dump-1.gcno
        -:    0:Data:gcov-dump-1.gcda
        -:    0:Runs:1
        -:    1:/* { dg-options "-fprofile-generate -ftest-coverage -lgcov" } */
        -:    2:/* { dg-do run { target native } } */
        -:    3:
        -:    4:int value;
        -:    5:
        -:    6:extern "C" { void __gcov_dump(void); }
        -:    7:
        1:    8:int main(int argc, char **argv)
        -:    9:{
        1:   10:  value = 123;					/* count(1) */
        -:   11:
      101:   12:  for (unsigned i = 0; i < 100; i++)
      100:   13:    value += argc;				/* count(100) */
        -:   14:
        1:   15:  __gcov_dump();
        -:   16:
    #####:   17:  for (unsigned i = 0; i < 1000; i++)		/* count(#####) */
    #####:   18:    value += argc;
        -:   19:
    #####:   20:  return 0;					/* count(#####) */
        -:   21:}
        -:   22:
        -:   23:/* { dg-final { run-gcov gcov-dump-1.C } } */
