        -:    0:Source:/home/openeuler/rpmbuild/BUILD/gcc-10.3.0/gcc/testsuite/g++.dg/gcov/gcov-13.C
        -:    0:Graph:gcov-13.gcno
        -:    0:Data:gcov-13.gcda
        -:    0:Runs:1
        -:    1:/* { dg-options "-fprofile-arcs -ftest-coverage" } */
        -:    2:/* { dg-do run { target native } } */
        -:    3:
        3:    4:void Baz (int i)
        -:    5:{
        3:    6:  if (i)
        1:    7:    throw 1;
        2:    8:}
        -:    9:
        1:   10:void Boz () throw ()
        -:   11:{
        1:   12:}
        -:   13:
        1:   14:int main ()
        -:   15:{
        -:   16:  try
        -:   17:    {
        1:   18:      Baz (0);  /* count(1) */
        1:   19:      Baz (0);  /* count(1) */
        -:   20:    }
    =====:   21:  catch (...)
        -:   22:    {
    =====:   23:      Boz ();  /* count(=====) */
        -:   24:    }
        -:   25:
        -:   26:  try
        -:   27:    {
        1:   28:      Baz (1);  /* count(1) */
    #####:   29:      Baz (0);  /* count(#####) */
        -:   30:    }
        1:   31:  catch (...)
        -:   32:    {
        1:   33:      Boz ();  /* count(1) */
        -:   34:    }
        -:   35:
        1:   36:  return 0;  /* count(1) */
        -:   37:}
        -:   38:
        -:   39:/* { dg-final { run-gcov gcov-13.C } } */
