        -:    0:Source:/home/openeuler/rpmbuild/BUILD/gcc-10.3.0/gcc/testsuite/g++.dg/gcov/gcov-11.C
        -:    0:Graph:gcov-11.gcno
        -:    0:Data:gcov-11.gcda
        -:    0:Runs:1
        -:    1:/* Check that unexecuted exception processing regions are shown
        -:    2:   distinct from  unexecuted normal regions.  */
        -:    3:
        -:    4:/* { dg-options "-fprofile-arcs -ftest-coverage" } */
        -:    5:/* { dg-do run { target native } } */
        -:    6:
        3:    7:void Baz (int i)
        -:    8:{
        3:    9:  if (i)
        1:   10:    throw 1;
        2:   11:}
        -:   12:
        1:   13:void Boz () throw ()
        -:   14:{
        1:   15:}
        -:   16:
        1:   17:int main ()
        -:   18:{
        -:   19:  try
        -:   20:    {
        1:   21:      Baz (0);  /* count (1) */
        1:   22:      Baz (0);  /* count (1) */
        -:   23:    }
    =====:   24:  catch (...)
        -:   25:    {
    =====:   26:      Boz ();  /* count (=====) */
        -:   27:    }
        -:   28:
        -:   29:  try
        -:   30:    {
        1:   31:      Baz (1);  /* count (1) */
    #####:   32:      Baz (0);  /* count (#####) */
        -:   33:    }
        1:   34:  catch (...)
        -:   35:    {
        1:   36:      Boz ();  /* count (1) */
        -:   37:    }
        -:   38:
        1:   39:  return 0;  /* count (1) */
        -:   40:}
        -:   41:
        -:   42:/* { dg-final { run-gcov gcov-11.C } } */
