        -:    0:Source:/home/openeuler/rpmbuild/BUILD/gcc-10.3.0/gcc/testsuite/g++.dg/gcov/gcov-8.C
        -:    0:Graph:gcov-8.gcno
        -:    0:Data:gcov-8.gcda
        -:    0:Runs:1
        -:    1:/* { dg-options "-fprofile-arcs -ftest-coverage" } */
        -:    2:/* { dg-do run { target native } } */
        -:    3:
        -:    4:class C {
        -:    5:public:
function _ZN1CC2Ev called 1 returned 100% blocks executed 100%
        1:    6:  C()
        1:    7:  {
        1:    8:    i = 0;
        1:    9:  }
function _ZN1CD2Ev called 1 returned 100% blocks executed 100%
        1:   10:  ~C() {}
function _ZN1C4setiEi called 1 returned 100% blocks executed 75%
        1:   11:  void seti (int j)
        -:   12:  {
        1:   13:    if (j > 0)
branch  0 taken 100% (fallthrough)
branch  1 taken 0%
        1:   14:      i = j;
        -:   15:    else
    #####:   16:      i = 0;
        1:   17:  }
        -:   18:private:
        -:   19:  int i;
        -:   20:};
        -:   21:
function _Z3foov called 1 returned 100% blocks executed 100%
        1:   22:void foo()
        -:   23:{
        2:   24:  C c;
call    0 returned 100%
call    1 returned 100%
        1:   25:  c.seti (1);
call    0 returned 100%
        1:   26:}
        -:   27:
function main called 1 returned 100% blocks executed 100%
        1:   28:int main()
        -:   29:{
        1:   30:  foo();
call    0 returned 100%
        1:   31:}
        -:   32:
        -:   33:/* { dg-final { run-gcov { -b gcov-8.C } } } */
