        -:    0:Source:/home/openeuler/rpmbuild/BUILD/gcc-10.3.0/gcc/testsuite/g++.dg/gcov/gcov-15.C
        -:    0:Graph:gcov-15.gcno
        -:    0:Data:gcov-15.gcda
        -:    0:Runs:1
        -:    1:// PR gcov-profile/64634
        -:    2:// { dg-options "-fprofile-arcs -ftest-coverage" }
        -:    3:// { dg-do run { target native } }
        -:    4:
        1:    5:void catchEx ()		// count(1)
        -:    6:{
        1:    7:  __builtin_exit (0);	// count(1)
        -:    8:  try
        -:    9:  {}
        -:   10:  catch (int)
        -:   11:  {}
        -:   12:}
        -:   13:
        1:   14:int main ()		// count(1)
        -:   15:{
        -:   16:  try
        -:   17:  {
        1:   18:    throw 5;		// count(1)
        -:   19:  }
        1:   20:  catch (...)		// count(1)
        -:   21:  {
        1:   22:    catchEx ();		// count(1)
        -:   23:  }
    =====:   24:}
        -:   25:
        -:   26:// { dg-final { run-gcov gcov-15.C } }
