        -:    0:Source:/home/openeuler/rpmbuild/BUILD/gcc-10.3.0/gcc/testsuite/g++.dg/gcov/pr16855-priority.C
        -:    0:Graph:pr16855-priority.gcno
        -:    0:Data:pr16855-priority.gcda
        -:    0:Runs:1
        -:    1:/* { dg-options "-fprofile-arcs -ftest-coverage" } */
        -:    2:/* { dg-do run { target native } } */
        -:    3:/* { dg-require-effective-target init_priority } */
        -:    4:
        -:    5:#include <stdlib.h>
        -:    6:#include <stdio.h>
        -:    7:
        -:    8:int a;
        -:    9:
        -:   10:void
function _Z3foov called 1 returned 100% blocks executed 100%
        1:   11:foo ()
        -:   12:{
        1:   13:  fprintf (stderr, "In foo\n");
call    0 returned 100%
        1:   14:  a = 123; /* count(1) */
        1:   15:}
        -:   16:
        -:   17:using namespace std;
        -:   18:class Test
        -:   19:{
        -:   20:public:
function _ZN4TestC2Ev called 1 returned 100% blocks executed 100%
        1:   21:  Test (void) { fprintf (stderr, "In Test::Test\n"); /* count(1) */ }
call    0 returned 100%
function _ZN4TestD2Ev called 1 returned 100% blocks executed 100%
        1:   22:  ~Test (void) { fprintf (stderr, "In Test::~Test\n"); /* count(1) */ }
call    0 returned 100%
        -:   23:} T1;
        -:   24:
        -:   25:void
function _Z8uncalledv called 0 returned 0% blocks executed 0%
    #####:   26:uncalled (void)
        -:   27:{
    #####:   28:  fprintf (stderr, "In uncalled\n"); /* count(#####) */
call    0 never executed
    #####:   29:}
        -:   30:
        -:   31:int
function main called 1 returned 100% blocks executed 100%
        1:   32:main (void)
        -:   33:{
        1:   34:  atexit (&foo);
call    0 returned 100%
        1:   35:  fprintf (stderr, "In main\n"); /* count(1) */
call    0 returned 100%
        1:   36:  return 0;
        -:   37:}
        -:   38:
function _ZL12ctor_defaultv called 1 returned 100% blocks executed 100%
        1:   39:static void __attribute__ ((constructor)) ctor_default ()
        -:   40:{
        1:   41:  fprintf (stderr, "in constructor(())\n"); /* count(1) */
call    0 returned 100%
        1:   42:}
        -:   43:
function _ZL8ctor_100v called 1 returned 100% blocks executed 100%
        1:   44:static void __attribute__ ((constructor ((101)))) ctor_100 ()
        -:   45:{
        1:   46:  fprintf (stderr, "in constructor((101))\n"); /* count(1) */
call    0 returned 100%
        1:   47:}
        -:   48:
function _ZL8ctor_500v called 1 returned 100% blocks executed 100%
        1:   49:static void __attribute__ ((constructor ((500)))) ctor_500 ()
        -:   50:{
        1:   51:  fprintf (stderr, "in constructor((500))\n"); /* count(1) */
call    0 returned 100%
        1:   52:}
        -:   53:
function _ZL10ctor_65535v called 1 returned 100% blocks executed 100%
        1:   54:static void __attribute__ ((constructor ((65535)))) ctor_65535 ()
        -:   55:{
        1:   56:  fprintf (stderr, "in constructor((65535))\n"); /* count(1) */
call    0 returned 100%
        1:   57:}
        -:   58:
function _ZL12dtor_defaultv called 1 returned 100% blocks executed 100%
        1:   59:static void __attribute__ ((destructor)) dtor_default ()
        -:   60:{
        1:   61:  fprintf (stderr, "in destructor(())\n"); /* count(1) */
call    0 returned 100%
        1:   62:}
        -:   63:
function _ZL8dtor_100v called 1 returned 100% blocks executed 100%
        1:   64:static void __attribute__ ((destructor ((101)))) dtor_100 ()
        -:   65:{
        1:   66:  fprintf (stderr, "in destructor((101))\n"); /* count(1) */
call    0 returned 100%
        1:   67:}
        -:   68:
function _ZL8dtor_500v called 1 returned 100% blocks executed 100%
        1:   69:static void __attribute__ ((destructor ((500)))) dtor_500 ()
        -:   70:{
        1:   71:  fprintf (stderr, "in destructor((500))\n"); /* count(1) */
call    0 returned 100%
        1:   72:}
        -:   73:
function _ZL10dtor_65535v called 1 returned 100% blocks executed 100%
        1:   74:static void __attribute__ ((destructor ((65535)))) dtor_65535 ()
        -:   75:{
        1:   76:  fprintf (stderr, "in destructor((65535))\n"); /* count(1) */
call    0 returned 100%
        1:   77:}
        -:   78:
        -:   79:/* { dg-final { run-gcov branches { -b pr16855-priority.C } } } */
