        -:    0:Source:/home/openeuler/rpmbuild/BUILD/gcc-10.3.0/gcc/testsuite/g++.dg/gcov/pr88263-2.C
        -:    0:Graph:pr88263-2.gcno
        -:    0:Data:pr88263-2.gcda
        -:    0:Runs:1
        -:    1:// PR gcov-profile/88263
        -:    2:// { dg-options "-fprofile-arcs -ftest-coverage -std=c++11" }
        -:    3:// { dg-do run { target native } }
        -:    4:
        -:    5:#include <sstream>
        -:    6:
        -:    7:namespace logging {
        -:    8:    class Logstream {
        -:    9:	~Logstream();
        -:   10:	static thread_local std::ostringstream os_;
        -:   11:    };
        -:   12:}
        -:   13:namespace logging {
        -:   14:    thread_local std::ostringstream Logstream::os_;
    #####:   15:    Logstream::~Logstream() {
    #####:   16:	os_.clear();
    #####:   17:    }
        -:   18:}
        -:   19:
        1:   20:int main()
        -:   21:{
        1:   22:  return 0;
        -:   23:}
        -:   24:
        -:   25:// { dg-final { run-gcov pr88263-2.C } }
