        -:    0:Source:/home/openeuler/rpmbuild/BUILD/gcc-10.3.0/gcc/testsuite/g++.dg/gcov/pr88263.C
        -:    0:Graph:pr88263.gcno
        -:    0:Data:pr88263.gcda
        -:    0:Runs:1
        -:    1:// PR gcov-profile/88263
        -:    2:// { dg-options "-fprofile-arcs -ftest-coverage -std=c++11" }
        -:    3:// { dg-do run { target native } }
        -:    4:
        -:    5:#include <sstream>
        -:    6:
        -:    7:namespace logging {
        -:    8:
        -:    9:class Logstream {
        -:   10:public:
        -:   11:
        -:   12:private:
        -:   13:    /// The logging stream
        -:   14:    static thread_local std::ostringstream os_;
        -:   15:};
        -:   16:
        -:   17:}
        -:   18:
        -:   19:namespace logging {
        -:   20:
        -:   21:thread_local std::ostringstream Logstream::os_;
        -:   22:
        -:   23:}
        -:   24:
        1:   25:int main()
        -:   26:{
        1:   27:  return 0;
        -:   28:}
        -:   29:
        -:   30:// { dg-final { run-gcov pr88263.C } }
