        -:    0:Source:/home/openeuler/rpmbuild/BUILD/gcc-10.3.0/gcc/testsuite/g++.dg/gcov/ternary.C
        -:    0:Graph:ternary.gcno
        -:    0:Data:ternary.gcda
        -:    0:Runs:1
        -:    1:// { dg-options "-fprofile-arcs -ftest-coverage" }
        -:    2:// { dg-do run { target native } }
        -:    3:
        -:    4:int b, c, d, e;
        -:    5:
        1:    6:int main()
        -:    7:{
       1*:    8:  int a = b < 1 ? (c < 3 ? d : c) : e;	/* count(1*) */
        1:    9:  return a;
        -:   10:}
        -:   11:
        -:   12:// { dg-final { run-gcov ternary.C } }
